Info: Starting: Create simulation model
Info: qsys-generate C:\Users\LeonB\Documents\VHDPlus\Projects\Tutorials\Camera_CSI\Camera\SDRAM.qsys --simulation=VERILOG --allow-mixed-language-simulation --output-directory=C:\Users\LeonB\Documents\VHDPlus\Projects\Tutorials\Camera_CSI\Camera\Simulation\simulation --family="MAX 10" --part=10M08SAU169C8G
Progress: Loading Camera/SDRAM.qsys
Progress: Reading input file
Progress: Adding clk_0 [clock_source 18.1]
Progress: Parameterizing module clk_0
Progress: Adding sdram_controller_0 [altera_avalon_new_sdram_controller 18.1]
Progress: Parameterizing module sdram_controller_0
Progress: Building connections
Progress: Parameterizing connections
Progress: Validating
Progress: Done reading input file
Info: SDRAM.sdram_controller_0: SDRAM Controller will only be supported in Quartus Prime Standard Edition in the future release.
Info: SDRAM: Generating SDRAM "SDRAM" for SIM_VERILOG
Info: sdram_controller_0: Starting RTL generation for module 'SDRAM_sdram_controller_0'
Info: sdram_controller_0:   Generation command is [exec C:/intelfpga_lite/18.1/quartus/bin64/perl/bin/perl.exe -I C:/intelfpga_lite/18.1/quartus/bin64/perl/lib -I C:/intelfpga_lite/18.1/quartus/sopc_builder/bin/europa -I C:/intelfpga_lite/18.1/quartus/sopc_builder/bin/perl_lib -I C:/intelfpga_lite/18.1/quartus/sopc_builder/bin -I C:/intelfpga_lite/18.1/quartus/../ip/altera/sopc_builder_ip/common -I C:/intelfpga_lite/18.1/quartus/../ip/altera/sopc_builder_ip/altera_avalon_new_sdram_controller -- C:/intelfpga_lite/18.1/quartus/../ip/altera/sopc_builder_ip/altera_avalon_new_sdram_controller/generate_rtl.pl --name=SDRAM_sdram_controller_0 --dir=C:/Users/LeonB/AppData/Local/Temp/alt8266_3176044754008575190.dir/0002_sdram_controller_0_gen/ --quartus_dir=C:/intelfpga_lite/18.1/quartus --verilog --config=C:/Users/LeonB/AppData/Local/Temp/alt8266_3176044754008575190.dir/0002_sdram_controller_0_gen//SDRAM_sdram_controller_0_component_configuration.pl  --do_build_sim=1    --sim_dir=C:/Users/LeonB/AppData/Local/Temp/alt8266_3176044754008575190.dir/0002_sdram_controller_0_gen/  ]
Info: sdram_controller_0: Done RTL generation for module 'SDRAM_sdram_controller_0'
Info: sdram_controller_0: "SDRAM" instantiated altera_avalon_new_sdram_controller "sdram_controller_0"
Info: rst_controller: "SDRAM" instantiated altera_reset_controller "rst_controller"
Info: SDRAM: Done "SDRAM" with 3 modules, 6 files
Info: qsys-generate succeeded.
Info: Finished: Create simulation model
Info: Starting: Create Modelsim Project.
Info: sim-script-gen --spd=C:\Users\LeonB\Documents\VHDPlus\Projects\Tutorials\Camera_CSI\Camera\Simulation\SDRAM.spd --output-directory=C:/Users/LeonB/Documents/VHDPlus/Projects/Tutorials/Camera_CSI/Camera/Simulation/simulation/ --use-relative-paths=true
Info: Doing: ip-make-simscript --spd=C:\Users\LeonB\Documents\VHDPlus\Projects\Tutorials\Camera_CSI\Camera\Simulation\SDRAM.spd --output-directory=C:/Users/LeonB/Documents/VHDPlus/Projects/Tutorials/Camera_CSI/Camera/Simulation/simulation/ --use-relative-paths=true
Info: Generating the following file(s) for MODELSIM simulator in C:/Users/LeonB/Documents/VHDPlus/Projects/Tutorials/Camera_CSI/Camera/Simulation/simulation/ directory:
Info: 	mentor/msim_setup.tcl
Info: Generating the following file(s) for VCS simulator in C:/Users/LeonB/Documents/VHDPlus/Projects/Tutorials/Camera_CSI/Camera/Simulation/simulation/ directory:
Info: 	synopsys/vcs/vcs_setup.sh
Info: Generating the following file(s) for VCSMX simulator in C:/Users/LeonB/Documents/VHDPlus/Projects/Tutorials/Camera_CSI/Camera/Simulation/simulation/ directory:
Info: 	synopsys/vcsmx/synopsys_sim.setup
Info: 	synopsys/vcsmx/vcsmx_setup.sh
Info: Generating the following file(s) for NCSIM simulator in C:/Users/LeonB/Documents/VHDPlus/Projects/Tutorials/Camera_CSI/Camera/Simulation/simulation/ directory:
Info: 	cadence/cds.lib
Info: 	cadence/hdl.var
Info: 	cadence/ncsim_setup.sh
Info: 	2 .cds.lib files in cadence/cds_libs/ directory
Info: Generating the following file(s) for RIVIERA simulator in C:/Users/LeonB/Documents/VHDPlus/Projects/Tutorials/Camera_CSI/Camera/Simulation/simulation/ directory:
Info: 	aldec/rivierapro_setup.tcl
Info: For information on how to simulate your IP, see the explanatory comments in the simulator-specific subdirectories under C:/Users/LeonB/Documents/VHDPlus/Projects/Tutorials/Camera_CSI/Camera/Simulation/simulation/.
Info: Regenerate these scripts whenever you make any change to any Quartus-generated IP in your project.
Info: Finished: Create Modelsim Project.
Info: 
Info: Starting: Create HDL design files for synthesis
Info: qsys-generate C:\Users\LeonB\Documents\VHDPlus\Projects\Tutorials\Camera_CSI\Camera\SDRAM.qsys --synthesis=VERILOG --output-directory=C:\Users\LeonB\Documents\VHDPlus\Projects\Tutorials\Camera_CSI\Camera\Simulation\synthesis --family="MAX 10" --part=10M08SAU169C8G
Progress: Loading Camera/SDRAM.qsys
Progress: Reading input file
Progress: Adding clk_0 [clock_source 18.1]
Progress: Parameterizing module clk_0
Progress: Adding sdram_controller_0 [altera_avalon_new_sdram_controller 18.1]
Progress: Parameterizing module sdram_controller_0
Progress: Building connections
Progress: Parameterizing connections
Progress: Validating
Progress: Done reading input file
Info: SDRAM.sdram_controller_0: SDRAM Controller will only be supported in Quartus Prime Standard Edition in the future release.
Info: SDRAM: Generating SDRAM "SDRAM" for QUARTUS_SYNTH
Info: sdram_controller_0: Starting RTL generation for module 'SDRAM_sdram_controller_0'
Info: sdram_controller_0:   Generation command is [exec C:/intelfpga_lite/18.1/quartus/bin64/perl/bin/perl.exe -I C:/intelfpga_lite/18.1/quartus/bin64/perl/lib -I C:/intelfpga_lite/18.1/quartus/sopc_builder/bin/europa -I C:/intelfpga_lite/18.1/quartus/sopc_builder/bin/perl_lib -I C:/intelfpga_lite/18.1/quartus/sopc_builder/bin -I C:/intelfpga_lite/18.1/quartus/../ip/altera/sopc_builder_ip/common -I C:/intelfpga_lite/18.1/quartus/../ip/altera/sopc_builder_ip/altera_avalon_new_sdram_controller -- C:/intelfpga_lite/18.1/quartus/../ip/altera/sopc_builder_ip/altera_avalon_new_sdram_controller/generate_rtl.pl --name=SDRAM_sdram_controller_0 --dir=C:/Users/LeonB/AppData/Local/Temp/alt8266_3176044754008575190.dir/0005_sdram_controller_0_gen/ --quartus_dir=C:/intelfpga_lite/18.1/quartus --verilog --config=C:/Users/LeonB/AppData/Local/Temp/alt8266_3176044754008575190.dir/0005_sdram_controller_0_gen//SDRAM_sdram_controller_0_component_configuration.pl  --do_build_sim=0  ]
Info: sdram_controller_0: Done RTL generation for module 'SDRAM_sdram_controller_0'
Info: sdram_controller_0: "SDRAM" instantiated altera_avalon_new_sdram_controller "sdram_controller_0"
Info: rst_controller: "SDRAM" instantiated altera_reset_controller "rst_controller"
Info: SDRAM: Done "SDRAM" with 3 modules, 6 files
Info: qsys-generate succeeded.
Info: Finished: Create HDL design files for synthesis
